2023-10-18 22:12:01.978  INFO 52400 --- [main] c.e.community.CommunityApplication       : Starting CommunityApplication using Java 1.8.0_212 on LAPTOP-4L2NFHPT with PID 52400 (D:\springboot\community\target\classes started by 李凯 in D:\springboot\community)
2023-10-18 22:12:01.980 DEBUG 52400 --- [main] c.e.community.CommunityApplication       : Running with Spring Boot v2.7.16, Spring v5.3.30
2023-10-18 22:12:01.981  INFO 52400 --- [main] c.e.community.CommunityApplication       : No active profile set, falling back to 1 default profile: "default"
2023-10-18 22:12:02.743  INFO 52400 --- [main] o.s.b.w.embedded.tomcat.TomcatWebServer  : Tomcat initialized with port(s): 8081 (http)
2023-10-18 22:12:02.744  INFO 52400 --- [main] o.a.catalina.core.AprLifecycleListener   : An older version [1.2.30] of the Apache Tomcat Native library is installed, while Tomcat recommends a minimum version of [1.2.38]
2023-10-18 22:12:02.745  INFO 52400 --- [main] o.a.catalina.core.AprLifecycleListener   : Loaded Apache Tomcat Native library [1.2.30] using APR version [1.7.0].
2023-10-18 22:12:02.745  INFO 52400 --- [main] o.a.catalina.core.AprLifecycleListener   : APR capabilities: IPv6 [true], sendfile [true], accept filters [false], random [true], UDS [true].
2023-10-18 22:12:02.745  INFO 52400 --- [main] o.a.catalina.core.AprLifecycleListener   : APR/OpenSSL configuration: useAprConnector [false], useOpenSSL [true]
2023-10-18 22:12:02.748  INFO 52400 --- [main] o.a.catalina.core.AprLifecycleListener   : OpenSSL successfully initialized [OpenSSL 1.1.1k  25 Mar 2021]
2023-10-18 22:12:02.754  INFO 52400 --- [main] o.apache.catalina.core.StandardService   : Starting service [Tomcat]
2023-10-18 22:12:02.754  INFO 52400 --- [main] org.apache.catalina.core.StandardEngine  : Starting Servlet engine: [Apache Tomcat/9.0.80]
2023-10-18 22:12:02.840  INFO 52400 --- [main] o.a.c.c.C.[.[localhost].[/community]     : Initializing Spring embedded WebApplicationContext
2023-10-18 22:12:02.840  INFO 52400 --- [main] w.s.c.ServletWebServerApplicationContext : Root WebApplicationContext: initialization completed in 834 ms
2023-10-18 22:12:02.895  INFO 52400 --- [main] c.a.d.s.b.a.DruidDataSourceAutoConfigure : Init DruidDataSource
2023-10-18 22:12:03.013  INFO 52400 --- [main] com.alibaba.druid.pool.DruidDataSource   : {dataSource-1} inited
2023-10-18 22:12:03.300  INFO 52400 --- [main] o.s.b.a.w.s.WelcomePageHandlerMapping    : Adding welcome page template: index
2023-10-18 22:12:03.428  INFO 52400 --- [main] o.s.b.w.embedded.tomcat.TomcatWebServer  : Tomcat started on port(s): 8081 (http) with context path '/community'
2023-10-18 22:12:03.437  INFO 52400 --- [main] c.e.community.CommunityApplication       : Started CommunityApplication in 1.708 seconds (JVM running for 2.223)
2023-10-18 22:12:11.488  INFO 55248 --- [main] com.example.community.LoggerTest         : Starting LoggerTest using Java 1.8.0_212 on LAPTOP-4L2NFHPT with PID 55248 (started by 李凯 in D:\springboot\community)
2023-10-18 22:12:11.490 DEBUG 55248 --- [main] com.example.community.LoggerTest         : Running with Spring Boot v2.7.16, Spring v5.3.30
2023-10-18 22:12:11.490  INFO 55248 --- [main] com.example.community.LoggerTest         : No active profile set, falling back to 1 default profile: "default"
2023-10-18 22:12:12.200  INFO 55248 --- [main] c.a.d.s.b.a.DruidDataSourceAutoConfigure : Init DruidDataSource
2023-10-18 22:12:12.366  INFO 55248 --- [main] com.alibaba.druid.pool.DruidDataSource   : {dataSource-1} inited
2023-10-18 22:12:12.951  INFO 55248 --- [main] o.s.b.a.w.s.WelcomePageHandlerMapping    : Adding welcome page template: index
2023-10-18 22:12:13.255  INFO 55248 --- [main] com.example.community.LoggerTest         : Started LoggerTest in 2.037 seconds (JVM running for 2.985)
2023-10-18 22:12:13.464 DEBUG 55248 --- [main] com.example.community.LoggerTest         : debug log
2023-10-18 22:12:13.464  INFO 55248 --- [main] com.example.community.LoggerTest         : info log
2023-10-18 22:12:13.464  WARN 55248 --- [main] com.example.community.LoggerTest         : warn log
2023-10-18 22:12:13.464 ERROR 55248 --- [main] com.example.community.LoggerTest         : error log
2023-10-18 22:12:13.486  INFO 55248 --- [SpringApplicationShutdownHook] com.alibaba.druid.pool.DruidDataSource   : {dataSource-1} closing ...
2023-10-18 22:12:13.487  INFO 55248 --- [SpringApplicationShutdownHook] com.alibaba.druid.pool.DruidDataSource   : {dataSource-1} closed
